#
# There is insufficient memory for the Java Runtime Environment to continue.
# Native memory allocation (malloc) failed to allocate 670416 bytes for Chunk::new
# Possible reasons:
#   The system is out of physical RAM or swap space
#   The process is running with CompressedOops enabled, and the Java Heap may be blocking the growth of the native heap
# Possible solutions:
#   Reduce memory load on the system
#   Increase physical memory or swap space
#   Check if swap backing store is full
#   Decrease Java heap size (-Xmx/-Xms)
#   Decrease number of Java threads
#   Decrease Java thread stack sizes (-Xss)
#   Set larger code cache with -XX:ReservedCodeCacheSize=
#   JVM is running with Unscaled Compressed Oops mode in which the Java heap is
#     placed in the first 4GB address space. The Java Heap base address is the
#     maximum limit for the native heap growth. Please use -XX:HeapBaseMinAddress
#     to set the Java Heap base and to place the Java Heap above 4GB virtual address.
# This output file may be truncated or incomplete.
#
#  Out of Memory Error (./open/src/hotspot/share/memory/arena.cpp:197), pid=24236, tid=52232
#
# JRE version: Java(TM) SE Runtime Environment 18.9 (11.0.12+8) (build 11.0.12+8-LTS-237)
# Java VM: Java HotSpot(TM) 64-Bit Server VM 18.9 (11.0.12+8-LTS-237, mixed mode, tiered, compressed oops, g1 gc, windows-amd64)
# No core dump will be written. Minidumps are not enabled by default on client versions of Windows
#

---------------  S U M M A R Y ------------

Command Line: -ea -Dfile.encoding=Cp1252 org.testng.remote.RemoteTestNG -serport 54281 -protocol json -d C:\Users\15408\git\repository\SeleniumTraining\test-output C:\Users\15408\git\repository\SeleniumTraining\Adhoc.xml

Host: 11th Gen Intel(R) Core(TM) i7-1165G7 @ 2.80GHz, 8 cores, 7G,  Windows 10 , 64 bit Build 22000 (10.0.22000.120)
Time: Sat Dec 25 13:15:57 2021 Eastern Standard Time elapsed time: 3.245773 seconds (0d 0h 0m 3s)

---------------  T H R E A D  ---------------

Current thread (0x000002476d49a800):  JavaThread "C2 CompilerThread0" daemon [_thread_in_native, id=52232, stack(0x0000005423500000,0x0000005423600000)]


Current CompileTask:
C2:   3245 1727       4       jdk.internal.loader.URLClassPath::getResource (74 bytes)

Stack: [0x0000005423500000,0x0000005423600000]
Native frames: (J=compiled Java code, j=interpreted, Vv=VM code, C=native code)
V  [jvm.dll+0x617d9a]
V  [jvm.dll+0x74eeef]
V  [jvm.dll+0x750599]
V  [jvm.dll+0x750c23]
V  [jvm.dll+0x2438d8]
V  [jvm.dll+0xba6dc]
V  [jvm.dll+0xbac9c]
V  [jvm.dll+0x346972]
V  [jvm.dll+0x3147a3]
V  [jvm.dll+0x313aea]
V  [jvm.dll+0x1fd105]
V  [jvm.dll+0x1fc2ed]
V  [jvm.dll+0x17f18c]
V  [jvm.dll+0x20b87c]
V  [jvm.dll+0x20997b]
V  [jvm.dll+0x716359]
V  [jvm.dll+0x70f064]
V  [jvm.dll+0x616f66]
C  [ucrtbase.dll+0x26c0c]
C  [KERNEL32.DLL+0x154e0]
C  [ntdll.dll+0x485b]


---------------  P R O C E S S  ---------------

Threads class SMR info:
_java_thread_list=0x000002476f1ca8d0, length=18, elements={
0x000002474e94f800, 0x000002476d473000, 0x000002476d47c000, 0x000002476d48e000,
0x000002476d48f000, 0x000002476d491800, 0x000002476d49a800, 0x000002476de14800,
0x000002476d4a8000, 0x000002476df82800, 0x000002476e96f800, 0x000002476e595000,
0x000002476efc8000, 0x000002476f0be800, 0x000002476f0bf800, 0x000002476e45a000,
0x000002476f146800, 0x000002476f137000
}

Java Threads: ( => current thread )
  0x000002474e94f800 JavaThread "Forwarding newSession on session null to remote" [_thread_in_vm, id=42836, stack(0x0000005422900000,0x0000005422a00000)]
  0x000002476d473000 JavaThread "Reference Handler" daemon [_thread_blocked, id=22328, stack(0x0000005423000000,0x0000005423100000)]
  0x000002476d47c000 JavaThread "Finalizer" daemon [_thread_blocked, id=51208, stack(0x0000005423100000,0x0000005423200000)]
  0x000002476d48e000 JavaThread "Signal Dispatcher" daemon [_thread_blocked, id=1268, stack(0x0000005423200000,0x0000005423300000)]
  0x000002476d48f000 JavaThread "Attach Listener" daemon [_thread_blocked, id=41732, stack(0x0000005423300000,0x0000005423400000)]
  0x000002476d491800 JavaThread "Service Thread" daemon [_thread_blocked, id=23992, stack(0x0000005423400000,0x0000005423500000)]
=>0x000002476d49a800 JavaThread "C2 CompilerThread0" daemon [_thread_in_native, id=52232, stack(0x0000005423500000,0x0000005423600000)]
  0x000002476de14800 JavaThread "C1 CompilerThread0" daemon [_thread_blocked, id=38048, stack(0x0000005423600000,0x0000005423700000)]
  0x000002476d4a8000 JavaThread "Sweeper thread" daemon [_thread_blocked, id=23740, stack(0x0000005423700000,0x0000005423800000)]
  0x000002476df82800 JavaThread "Common-Cleaner" daemon [_thread_blocked, id=49900, stack(0x0000005423900000,0x0000005423a00000)]
  0x000002476e96f800 JavaThread "ReaderThread" [_thread_in_native, id=32104, stack(0x0000005423c00000,0x0000005423d00000)]
  0x000002476e595000 JavaThread "Exec Default Executor" daemon [_thread_in_native, id=29168, stack(0x0000005424000000,0x0000005424100000)]
  0x000002476efc8000 JavaThread "UrlChecker-2" daemon [_thread_blocked, id=14104, stack(0x0000005424100000,0x0000005424200000)]
  0x000002476f0be800 JavaThread "Exec Stream Pumper" daemon [_thread_in_native, id=52096, stack(0x0000005424200000,0x0000005424300000)]
  0x000002476f0bf800 JavaThread "Exec Stream Pumper" daemon [_thread_in_native, id=17428, stack(0x0000005424300000,0x0000005424400000)]
  0x000002476e45a000 JavaThread "Keep-Alive-Timer" daemon [_thread_blocked, id=51908, stack(0x0000005423a00000,0x0000005423b00000)]
  0x000002476f146800 JavaThread "OkHttp ConnectionPool" daemon [_thread_blocked, id=29680, stack(0x0000005424500000,0x0000005424600000)]
  0x000002476f137000 JavaThread "Okio Watchdog" daemon [_thread_blocked, id=47564, stack(0x0000005424600000,0x0000005424700000)]

Other Threads:
  0x000002476d470000 VMThread "VM Thread" [stack: 0x0000005422f00000,0x0000005423000000] [id=42948]
  0x000002476df7f000 WatcherThread [stack: 0x0000005423800000,0x0000005423900000] [id=25080]
  0x000002474e965800 GCTaskThread "GC Thread#0" [stack: 0x0000005422a00000,0x0000005422b00000] [id=7196]
  0x000002476e98c000 GCTaskThread "GC Thread#1" [stack: 0x0000005423d00000,0x0000005423e00000] [id=16976]
  0x000002476e994800 GCTaskThread "GC Thread#2" [stack: 0x0000005423e00000,0x0000005423f00000] [id=45404]
  0x000002476e995800 GCTaskThread "GC Thread#3" [stack: 0x0000005423f00000,0x0000005424000000] [id=54968]
  0x000002474e98f800 ConcurrentGCThread "G1 Main Marker" [stack: 0x0000005422b00000,0x0000005422c00000] [id=40424]
  0x000002474e991800 ConcurrentGCThread "G1 Conc#0" [stack: 0x0000005422c00000,0x0000005422d00000] [id=52436]
  0x000002476efac000 ConcurrentGCThread "G1 Conc#1" [stack: 0x0000005424400000,0x0000005424500000] [id=29832]
  0x000002474ea27000 ConcurrentGCThread "G1 Refine#0" [stack: 0x0000005422d00000,0x0000005422e00000] [id=55472]
  0x000002474ea28000 ConcurrentGCThread "G1 Young RemSet Sampling" [stack: 0x0000005422e00000,0x0000005422f00000] [id=22696]

Threads with active compile tasks:
C2 CompilerThread0   3276 1727       4       jdk.internal.loader.URLClassPath::getResource (74 bytes)
C1 CompilerThread0   3276 1817       3       com.google.common.base.CharMatcher::indexIn (48 bytes)

VM state:not at safepoint (normal execution)

VM Mutex/Monitor currently owned by a thread:  ([mutex/lock_event])
[0x000002474e94ac70] CodeCache_lock - owner thread: 0x0000000000000000

Heap address: 0x0000000085800000, size: 1960 MB, Compressed Oops mode: 32-bit
Narrow klass base: 0x0000000000000000, Narrow klass shift: 3
Compressed class space size: 1073741824 Address: 0x0000000100000000

Heap:
 garbage-first heap   total 126976K, used 13601K [0x0000000085800000, 0x0000000100000000)
  region size 1024K, 14 young (14336K), 5 survivors (5120K)
 Metaspace       used 23117K, capacity 23761K, committed 23808K, reserved 1071104K
  class space    used 2563K, capacity 2811K, committed 2816K, reserved 1048576K
Heap Regions: E=young(eden), S=young(survivor), O=old, HS=humongous(starts), HC=humongous(continues), CS=collection set, F=free, A=archive, TAMS=top-at-mark-start (previous, next)
|   0|0x0000000085800000, 0x00000000858bd000, 0x0000000085900000| 73%| O|  |TAMS 0x00000000858bd000, 0x0000000085800000| Untracked 
|   1|0x0000000085900000, 0x0000000085900000, 0x0000000085a00000|  0%| F|  |TAMS 0x0000000085900000, 0x0000000085900000| Untracked 
|   2|0x0000000085a00000, 0x0000000085a00000, 0x0000000085b00000|  0%| F|  |TAMS 0x0000000085a00000, 0x0000000085a00000| Untracked 
|   3|0x0000000085b00000, 0x0000000085b00000, 0x0000000085c00000|  0%| F|  |TAMS 0x0000000085b00000, 0x0000000085b00000| Untracked 
|   4|0x0000000085c00000, 0x0000000085c00000, 0x0000000085d00000|  0%| F|  |TAMS 0x0000000085c00000, 0x0000000085c00000| Untracked 
|   5|0x0000000085d00000, 0x0000000085d00000, 0x0000000085e00000|  0%| F|  |TAMS 0x0000000085d00000, 0x0000000085d00000| Untracked 
|   6|0x0000000085e00000, 0x0000000085e00000, 0x0000000085f00000|  0%| F|  |TAMS 0x0000000085e00000, 0x0000000085e00000| Untracked 
|   7|0x0000000085f00000, 0x0000000085f00000, 0x0000000086000000|  0%| F|  |TAMS 0x0000000085f00000, 0x0000000085f00000| Untracked 
|   8|0x0000000086000000, 0x0000000086000000, 0x0000000086100000|  0%| F|  |TAMS 0x0000000086000000, 0x0000000086000000| Untracked 
|   9|0x0000000086100000, 0x0000000086100000, 0x0000000086200000|  0%| F|  |TAMS 0x0000000086100000, 0x0000000086100000| Untracked 
|  10|0x0000000086200000, 0x0000000086200000, 0x0000000086300000|  0%| F|  |TAMS 0x0000000086200000, 0x0000000086200000| Untracked 
|  11|0x0000000086300000, 0x0000000086300000, 0x0000000086400000|  0%| F|  |TAMS 0x0000000086300000, 0x0000000086300000| Untracked 
|  12|0x0000000086400000, 0x0000000086400000, 0x0000000086500000|  0%| F|  |TAMS 0x0000000086400000, 0x0000000086400000| Untracked 
|  13|0x0000000086500000, 0x0000000086500000, 0x0000000086600000|  0%| F|  |TAMS 0x0000000086500000, 0x0000000086500000| Untracked 
|  14|0x0000000086600000, 0x0000000086600000, 0x0000000086700000|  0%| F|  |TAMS 0x0000000086600000, 0x0000000086600000| Untracked 
|  15|0x0000000086700000, 0x0000000086700000, 0x0000000086800000|  0%| F|  |TAMS 0x0000000086700000, 0x0000000086700000| Untracked 
|  16|0x0000000086800000, 0x0000000086800000, 0x0000000086900000|  0%| F|  |TAMS 0x0000000086800000, 0x0000000086800000| Untracked 
|  17|0x0000000086900000, 0x0000000086900000, 0x0000000086a00000|  0%| F|  |TAMS 0x0000000086900000, 0x0000000086900000| Untracked 
|  18|0x0000000086a00000, 0x0000000086a00000, 0x0000000086b00000|  0%| F|  |TAMS 0x0000000086a00000, 0x0000000086a00000| Untracked 
|  19|0x0000000086b00000, 0x0000000086b00000, 0x0000000086c00000|  0%| F|  |TAMS 0x0000000086b00000, 0x0000000086b00000| Untracked 
|  20|0x0000000086c00000, 0x0000000086c00000, 0x0000000086d00000|  0%| F|  |TAMS 0x0000000086c00000, 0x0000000086c00000| Untracked 
|  21|0x0000000086d00000, 0x0000000086d00000, 0x0000000086e00000|  0%| F|  |TAMS 0x0000000086d00000, 0x0000000086d00000| Untracked 
|  22|0x0000000086e00000, 0x0000000086e00000, 0x0000000086f00000|  0%| F|  |TAMS 0x0000000086e00000, 0x0000000086e00000| Untracked 
|  23|0x0000000086f00000, 0x0000000086f00000, 0x0000000087000000|  0%| F|  |TAMS 0x0000000086f00000, 0x0000000086f00000| Untracked 
|  24|0x0000000087000000, 0x0000000087000000, 0x0000000087100000|  0%| F|  |TAMS 0x0000000087000000, 0x0000000087000000| Untracked 
|  25|0x0000000087100000, 0x0000000087100000, 0x0000000087200000|  0%| F|  |TAMS 0x0000000087100000, 0x0000000087100000| Untracked 
|  26|0x0000000087200000, 0x0000000087200000, 0x0000000087300000|  0%| F|  |TAMS 0x0000000087200000, 0x0000000087200000| Untracked 
|  27|0x0000000087300000, 0x0000000087300000, 0x0000000087400000|  0%| F|  |TAMS 0x0000000087300000, 0x0000000087300000| Untracked 
|  28|0x0000000087400000, 0x0000000087400000, 0x0000000087500000|  0%| F|  |TAMS 0x0000000087400000, 0x0000000087400000| Untracked 
|  29|0x0000000087500000, 0x0000000087500000, 0x0000000087600000|  0%| F|  |TAMS 0x0000000087500000, 0x0000000087500000| Untracked 
|  30|0x0000000087600000, 0x0000000087600000, 0x0000000087700000|  0%| F|  |TAMS 0x0000000087600000, 0x0000000087600000| Untracked 
|  31|0x0000000087700000, 0x0000000087700000, 0x0000000087800000|  0%| F|  |TAMS 0x0000000087700000, 0x0000000087700000| Untracked 
|  32|0x0000000087800000, 0x0000000087800000, 0x0000000087900000|  0%| F|  |TAMS 0x0000000087800000, 0x0000000087800000| Untracked 
|  33|0x0000000087900000, 0x0000000087900000, 0x0000000087a00000|  0%| F|  |TAMS 0x0000000087900000, 0x0000000087900000| Untracked 
|  34|0x0000000087a00000, 0x0000000087a00000, 0x0000000087b00000|  0%| F|  |TAMS 0x0000000087a00000, 0x0000000087a00000| Untracked 
|  35|0x0000000087b00000, 0x0000000087b00000, 0x0000000087c00000|  0%| F|  |TAMS 0x0000000087b00000, 0x0000000087b00000| Untracked 
|  36|0x0000000087c00000, 0x0000000087c00000, 0x0000000087d00000|  0%| F|  |TAMS 0x0000000087c00000, 0x0000000087c00000| Untracked 
|  37|0x0000000087d00000, 0x0000000087d00000, 0x0000000087e00000|  0%| F|  |TAMS 0x0000000087d00000, 0x0000000087d00000| Untracked 
|  38|0x0000000087e00000, 0x0000000087e00000, 0x0000000087f00000|  0%| F|  |TAMS 0x0000000087e00000, 0x0000000087e00000| Untracked 
|  39|0x0000000087f00000, 0x0000000087f00000, 0x0000000088000000|  0%| F|  |TAMS 0x0000000087f00000, 0x0000000087f00000| Untracked 
|  40|0x0000000088000000, 0x0000000088000000, 0x0000000088100000|  0%| F|  |TAMS 0x0000000088000000, 0x0000000088000000| Untracked 
|  41|0x0000000088100000, 0x0000000088100000, 0x0000000088200000|  0%| F|  |TAMS 0x0000000088100000, 0x0000000088100000| Untracked 
|  42|0x0000000088200000, 0x0000000088200000, 0x0000000088300000|  0%| F|  |TAMS 0x0000000088200000, 0x0000000088200000| Untracked 
|  43|0x0000000088300000, 0x0000000088300000, 0x0000000088400000|  0%| F|  |TAMS 0x0000000088300000, 0x0000000088300000| Untracked 
|  44|0x0000000088400000, 0x0000000088400000, 0x0000000088500000|  0%| F|  |TAMS 0x0000000088400000, 0x0000000088400000| Untracked 
|  45|0x0000000088500000, 0x0000000088500000, 0x0000000088600000|  0%| F|  |TAMS 0x0000000088500000, 0x0000000088500000| Untracked 
|  46|0x0000000088600000, 0x0000000088600000, 0x0000000088700000|  0%| F|  |TAMS 0x0000000088600000, 0x0000000088600000| Untracked 
|  47|0x0000000088700000, 0x0000000088700000, 0x0000000088800000|  0%| F|  |TAMS 0x0000000088700000, 0x0000000088700000| Untracked 
|  48|0x0000000088800000, 0x0000000088800000, 0x0000000088900000|  0%| F|  |TAMS 0x0000000088800000, 0x0000000088800000| Untracked 
|  49|0x0000000088900000, 0x0000000088900000, 0x0000000088a00000|  0%| F|  |TAMS 0x0000000088900000, 0x0000000088900000| Untracked 
|  50|0x0000000088a00000, 0x0000000088a00000, 0x0000000088b00000|  0%| F|  |TAMS 0x0000000088a00000, 0x0000000088a00000| Untracked 
|  51|0x0000000088b00000, 0x0000000088b00000, 0x0000000088c00000|  0%| F|  |TAMS 0x0000000088b00000, 0x0000000088b00000| Untracked 
|  52|0x0000000088c00000, 0x0000000088c00000, 0x0000000088d00000|  0%| F|  |TAMS 0x0000000088c00000, 0x0000000088c00000| Untracked 
|  53|0x0000000088d00000, 0x0000000088d00000, 0x0000000088e00000|  0%| F|  |TAMS 0x0000000088d00000, 0x0000000088d00000| Untracked 
|  54|0x0000000088e00000, 0x0000000088e00000, 0x0000000088f00000|  0%| F|  |TAMS 0x0000000088e00000, 0x0000000088e00000| Untracked 
|  55|0x0000000088f00000, 0x0000000088f00000, 0x0000000089000000|  0%| F|  |TAMS 0x0000000088f00000, 0x0000000088f00000| Untracked 
|  56|0x0000000089000000, 0x0000000089000000, 0x0000000089100000|  0%| F|  |TAMS 0x0000000089000000, 0x0000000089000000| Untracked 
|  57|0x0000000089100000, 0x0000000089100000, 0x0000000089200000|  0%| F|  |TAMS 0x0000000089100000, 0x0000000089100000| Untracked 
|  58|0x0000000089200000, 0x0000000089200000, 0x0000000089300000|  0%| F|  |TAMS 0x0000000089200000, 0x0000000089200000| Untracked 
|  59|0x0000000089300000, 0x0000000089300000, 0x0000000089400000|  0%| F|  |TAMS 0x0000000089300000, 0x0000000089300000| Untracked 
|  60|0x0000000089400000, 0x0000000089400000, 0x0000000089500000|  0%| F|  |TAMS 0x0000000089400000, 0x0000000089400000| Untracked 
|  61|0x0000000089500000, 0x0000000089500000, 0x0000000089600000|  0%| F|  |TAMS 0x0000000089500000, 0x0000000089500000| Untracked 
|  62|0x0000000089600000, 0x0000000089600000, 0x0000000089700000|  0%| F|  |TAMS 0x0000000089600000, 0x0000000089600000| Untracked 
|  63|0x0000000089700000, 0x0000000089700000, 0x0000000089800000|  0%| F|  |TAMS 0x0000000089700000, 0x0000000089700000| Untracked 
|  64|0x0000000089800000, 0x0000000089800000, 0x0000000089900000|  0%| F|  |TAMS 0x0000000089800000, 0x0000000089800000| Untracked 
|  65|0x0000000089900000, 0x0000000089900000, 0x0000000089a00000|  0%| F|  |TAMS 0x0000000089900000, 0x0000000089900000| Untracked 
|  66|0x0000000089a00000, 0x0000000089a00000, 0x0000000089b00000|  0%| F|  |TAMS 0x0000000089a00000, 0x0000000089a00000| Untracked 
|  67|0x0000000089b00000, 0x0000000089b00000, 0x0000000089c00000|  0%| F|  |TAMS 0x0000000089b00000, 0x0000000089b00000| Untracked 
|  68|0x0000000089c00000, 0x0000000089c00000, 0x0000000089d00000|  0%| F|  |TAMS 0x0000000089c00000, 0x0000000089c00000| Untracked 
|  69|0x0000000089d00000, 0x0000000089d00000, 0x0000000089e00000|  0%| F|  |TAMS 0x0000000089d00000, 0x0000000089d00000| Untracked 
|  70|0x0000000089e00000, 0x0000000089e00000, 0x0000000089f00000|  0%| F|  |TAMS 0x0000000089e00000, 0x0000000089e00000| Untracked 
|  71|0x0000000089f00000, 0x0000000089f00000, 0x000000008a000000|  0%| F|  |TAMS 0x0000000089f00000, 0x0000000089f00000| Untracked 
|  72|0x000000008a000000, 0x000000008a000000, 0x000000008a100000|  0%| F|  |TAMS 0x000000008a000000, 0x000000008a000000| Untracked 
|  73|0x000000008a100000, 0x000000008a100000, 0x000000008a200000|  0%| F|  |TAMS 0x000000008a100000, 0x000000008a100000| Untracked 
|  74|0x000000008a200000, 0x000000008a200000, 0x000000008a300000|  0%| F|  |TAMS 0x000000008a200000, 0x000000008a200000| Untracked 
|  75|0x000000008a300000, 0x000000008a300000, 0x000000008a400000|  0%| F|  |TAMS 0x000000008a300000, 0x000000008a300000| Untracked 
|  76|0x000000008a400000, 0x000000008a400000, 0x000000008a500000|  0%| F|  |TAMS 0x000000008a400000, 0x000000008a400000| Untracked 
|  77|0x000000008a500000, 0x000000008a500000, 0x000000008a600000|  0%| F|  |TAMS 0x000000008a500000, 0x000000008a500000| Untracked 
|  78|0x000000008a600000, 0x000000008a600000, 0x000000008a700000|  0%| F|  |TAMS 0x000000008a600000, 0x000000008a600000| Untracked 
|  79|0x000000008a700000, 0x000000008a700000, 0x000000008a800000|  0%| F|  |TAMS 0x000000008a700000, 0x000000008a700000| Untracked 
|  80|0x000000008a800000, 0x000000008a800000, 0x000000008a900000|  0%| F|  |TAMS 0x000000008a800000, 0x000000008a800000| Untracked 
|  81|0x000000008a900000, 0x000000008a900000, 0x000000008aa00000|  0%| F|  |TAMS 0x000000008a900000, 0x000000008a900000| Untracked 
|  82|0x000000008aa00000, 0x000000008aa00000, 0x000000008ab00000|  0%| F|  |TAMS 0x000000008aa00000, 0x000000008aa00000| Untracked 
|  83|0x000000008ab00000, 0x000000008ab00000, 0x000000008ac00000|  0%| F|  |TAMS 0x000000008ab00000, 0x000000008ab00000| Untracked 
|  84|0x000000008ac00000, 0x000000008ac00000, 0x000000008ad00000|  0%| F|  |TAMS 0x000000008ac00000, 0x000000008ac00000| Untracked 
|  85|0x000000008ad00000, 0x000000008ad00000, 0x000000008ae00000|  0%| F|  |TAMS 0x000000008ad00000, 0x000000008ad00000| Untracked 
|  86|0x000000008ae00000, 0x000000008ae00000, 0x000000008af00000|  0%| F|  |TAMS 0x000000008ae00000, 0x000000008ae00000| Untracked 
|  87|0x000000008af00000, 0x000000008af00000, 0x000000008b000000|  0%| F|  |TAMS 0x000000008af00000, 0x000000008af00000| Untracked 
|  88|0x000000008b000000, 0x000000008b000000, 0x000000008b100000|  0%| F|  |TAMS 0x000000008b000000, 0x000000008b000000| Untracked 
|  89|0x000000008b100000, 0x000000008b100000, 0x000000008b200000|  0%| F|  |TAMS 0x000000008b100000, 0x000000008b100000| Untracked 
|  90|0x000000008b200000, 0x000000008b200000, 0x000000008b300000|  0%| F|  |TAMS 0x000000008b200000, 0x000000008b200000| Untracked 
|  91|0x000000008b300000, 0x000000008b300000, 0x000000008b400000|  0%| F|  |TAMS 0x000000008b300000, 0x000000008b300000| Untracked 
|  92|0x000000008b400000, 0x000000008b400000, 0x000000008b500000|  0%| F|  |TAMS 0x000000008b400000, 0x000000008b400000| Untracked 
|  93|0x000000008b500000, 0x000000008b500000, 0x000000008b600000|  0%| F|  |TAMS 0x000000008b500000, 0x000000008b500000| Untracked 
|  94|0x000000008b600000, 0x000000008b600000, 0x000000008b700000|  0%| F|  |TAMS 0x000000008b600000, 0x000000008b600000| Untracked 
|  95|0x000000008b700000, 0x000000008b700000, 0x000000008b800000|  0%| F|  |TAMS 0x000000008b700000, 0x000000008b700000| Untracked 
|  96|0x000000008b800000, 0x000000008b800000, 0x000000008b900000|  0%| F|  |TAMS 0x000000008b800000, 0x000000008b800000| Untracked 
|  97|0x000000008b900000, 0x000000008b900000, 0x000000008ba00000|  0%| F|  |TAMS 0x000000008b900000, 0x000000008b900000| Untracked 
|  98|0x000000008ba00000, 0x000000008ba00000, 0x000000008bb00000|  0%| F|  |TAMS 0x000000008ba00000, 0x000000008ba00000| Untracked 
|  99|0x000000008bb00000, 0x000000008bb00000, 0x000000008bc00000|  0%| F|  |TAMS 0x000000008bb00000, 0x000000008bb00000| Untracked 
| 100|0x000000008bc00000, 0x000000008bc00000, 0x000000008bd00000|  0%| F|  |TAMS 0x000000008bc00000, 0x000000008bc00000| Untracked 
| 101|0x000000008bd00000, 0x000000008bd00000, 0x000000008be00000|  0%| F|  |TAMS 0x000000008bd00000, 0x000000008bd00000| Untracked 
| 102|0x000000008be00000, 0x000000008be00000, 0x000000008bf00000|  0%| F|  |TAMS 0x000000008be00000, 0x000000008be00000| Untracked 
| 103|0x000000008bf00000, 0x000000008bf00000, 0x000000008c000000|  0%| F|  |TAMS 0x000000008bf00000, 0x000000008bf00000| Untracked 
| 104|0x000000008c000000, 0x000000008c000000, 0x000000008c100000|  0%| F|  |TAMS 0x000000008c000000, 0x000000008c000000| Untracked 
| 105|0x000000008c100000, 0x000000008c18b6c0, 0x000000008c200000| 54%| S|CS|TAMS 0x000000008c100000, 0x000000008c100000| Complete 
| 106|0x000000008c200000, 0x000000008c300000, 0x000000008c300000|100%| S|CS|TAMS 0x000000008c200000, 0x000000008c200000| Complete 
| 107|0x000000008c300000, 0x000000008c400000, 0x000000008c400000|100%| S|CS|TAMS 0x000000008c300000, 0x000000008c300000| Complete 
| 108|0x000000008c400000, 0x000000008c500000, 0x000000008c500000|100%| S|CS|TAMS 0x000000008c400000, 0x000000008c400000| Complete 
| 109|0x000000008c500000, 0x000000008c600000, 0x000000008c600000|100%| S|CS|TAMS 0x000000008c500000, 0x000000008c500000| Complete 
| 110|0x000000008c600000, 0x000000008c600000, 0x000000008c700000|  0%| F|  |TAMS 0x000000008c600000, 0x000000008c600000| Untracked 
| 111|0x000000008c700000, 0x000000008c700000, 0x000000008c800000|  0%| F|  |TAMS 0x000000008c700000, 0x000000008c700000| Untracked 
| 112|0x000000008c800000, 0x000000008c800000, 0x000000008c900000|  0%| F|  |TAMS 0x000000008c800000, 0x000000008c800000| Untracked 
| 113|0x000000008c900000, 0x000000008c900000, 0x000000008ca00000|  0%| F|  |TAMS 0x000000008c900000, 0x000000008c900000| Untracked 
| 114|0x000000008ca00000, 0x000000008ca00000, 0x000000008cb00000|  0%| F|  |TAMS 0x000000008ca00000, 0x000000008ca00000| Untracked 
| 115|0x000000008cb00000, 0x000000008cc00000, 0x000000008cc00000|100%| E|  |TAMS 0x000000008cb00000, 0x000000008cb00000| Complete 
| 116|0x000000008cc00000, 0x000000008cd00000, 0x000000008cd00000|100%| E|CS|TAMS 0x000000008cc00000, 0x000000008cc00000| Complete 
| 117|0x000000008cd00000, 0x000000008ce00000, 0x000000008ce00000|100%| E|CS|TAMS 0x000000008cd00000, 0x000000008cd00000| Complete 
| 118|0x000000008ce00000, 0x000000008cf00000, 0x000000008cf00000|100%| E|CS|TAMS 0x000000008ce00000, 0x000000008ce00000| Complete 
| 119|0x000000008cf00000, 0x000000008d000000, 0x000000008d000000|100%| E|CS|TAMS 0x000000008cf00000, 0x000000008cf00000| Complete 
| 120|0x000000008d000000, 0x000000008d100000, 0x000000008d100000|100%| E|CS|TAMS 0x000000008d000000, 0x000000008d000000| Complete 
| 121|0x000000008d100000, 0x000000008d200000, 0x000000008d200000|100%| E|CS|TAMS 0x000000008d100000, 0x000000008d100000| Complete 
| 122|0x000000008d200000, 0x000000008d300000, 0x000000008d300000|100%| E|CS|TAMS 0x000000008d200000, 0x000000008d200000| Complete 
| 123|0x000000008d300000, 0x000000008d400000, 0x000000008d400000|100%| E|CS|TAMS 0x000000008d300000, 0x000000008d300000| Complete 

Card table byte_map: [0x0000024766530000,0x0000024766910000] _byte_map_base: 0x0000024766104000

Marking Bits (Prev, Next): (CMBitMap*) 0x000002474e986ff0, (CMBitMap*) 0x000002474e986fb8
 Prev Bits: [0x0000024768b90000, 0x000002476aa30000)
 Next Bits: [0x0000024766cf0000, 0x0000024768b90000)

Polling page: 0x000002474c910000

Metaspace:

Usage:
  Non-class:     20.46 MB capacity,    20.10 MB ( 98%) used,   302.17 KB (  1%) free+waste,    69.81 KB ( <1%) overhead. 
      Class:      2.75 MB capacity,     2.51 MB ( 91%) used,   210.70 KB (  7%) free+waste,    34.75 KB (  1%) overhead. 
       Both:     23.20 MB capacity,    22.60 MB ( 97%) used,   512.88 KB (  2%) free+waste,   104.56 KB ( <1%) overhead. 

Virtual space:
  Non-class space:       22.00 MB reserved,      20.50 MB ( 93%) committed 
      Class space:        1.00 GB reserved,       2.75 MB ( <1%) committed 
             Both:        1.02 GB reserved,      23.25 MB (  2%) committed 

Chunk freelists:
   Non-Class:  5.25 KB
       Class:  640 bytes
        Both:  5.88 KB

CodeHeap 'non-profiled nmethods': size=120000Kb used=596Kb max_used=596Kb free=119403Kb
 bounds [0x000002475e8e0000, 0x000002475eb50000, 0x0000024765e10000]
CodeHeap 'profiled nmethods': size=120000Kb used=3452Kb max_used=3452Kb free=116547Kb
 bounds [0x00000247573b0000, 0x0000024757710000, 0x000002475e8e0000]
CodeHeap 'non-nmethods': size=5760Kb used=1173Kb max_used=1173Kb free=4586Kb
 bounds [0x0000024756e10000, 0x0000024757080000, 0x00000247573b0000]
 total_blobs=2317 nmethods=1817 adapters=411
 compilation: enabled
              stopped_count=0, restarted_count=0
 full_count=0

Compilation events (10 events):
Event: 3.242 Thread 0x000002476de14800 1766       1       java.time.zone.ZoneOffsetTransition::getOffsetBefore (5 bytes)
Event: 3.242 Thread 0x000002476de14800 nmethod 1766 0x000002475e973a90 code [0x000002475e973c20, 0x000002475e973cd8]
Event: 3.242 Thread 0x000002476de14800 1769       3       java.time.temporal.ValueRange::isValidValue (24 bytes)
Event: 3.242 Thread 0x000002476de14800 nmethod 1769 0x00000247576f6910 code [0x00000247576f6ac0, 0x00000247576f6c98]
Event: 3.242 Thread 0x000002476de14800 1767       3       java.time.temporal.ChronoField::checkValidValue (10 bytes)
Event: 3.242 Thread 0x000002476de14800 nmethod 1767 0x00000247576f6d10 code [0x00000247576f6ee0, 0x00000247576f7298]
Event: 3.242 Thread 0x000002476de14800 1768       3       java.time.temporal.ValueRange::checkValidValue (24 bytes)
Event: 3.243 Thread 0x000002476de14800 nmethod 1768 0x00000247576f7410 code [0x00000247576f75e0, 0x00000247576f7918]
Event: 3.243 Thread 0x000002476de14800 1770       1       java.time.zone.ZoneOffsetTransition::getDateTimeBefore (5 bytes)
Event: 3.243 Thread 0x000002476de14800 nmethod 1770 0x000002475e973d90 code [0x000002475e973f20, 0x000002475e973fd8]

GC Heap History (4 events):
Event: 1.150 GC heap before
{Heap before GC invocations=0 (full 0):
 garbage-first heap   total 126976K, used 23552K [0x0000000085800000, 0x0000000100000000)
  region size 1024K, 24 young (24576K), 0 survivors (0K)
 Metaspace       used 17337K, capacity 17693K, committed 17920K, reserved 1064960K
  class space    used 1817K, capacity 1972K, committed 2048K, reserved 1048576K
}
Event: 1.155 GC heap after
{Heap after GC invocations=1 (full 0):
 garbage-first heap   total 126976K, used 3828K [0x0000000085800000, 0x0000000100000000)
  region size 1024K, 3 young (3072K), 3 survivors (3072K)
 Metaspace       used 17337K, capacity 17693K, committed 17920K, reserved 1064960K
  class space    used 1817K, capacity 1972K, committed 2048K, reserved 1048576K
}
Event: 2.014 GC heap before
{Heap before GC invocations=1 (full 0):
 garbage-first heap   total 126976K, used 17140K [0x0000000085800000, 0x0000000100000000)
  region size 1024K, 17 young (17408K), 3 survivors (3072K)
 Metaspace       used 20556K, capacity 21114K, committed 21248K, reserved 1069056K
  class space    used 2240K, capacity 2477K, committed 2560K, reserved 1048576K
}
Event: 2.020 GC heap after
{Heap after GC invocations=2 (full 0):
 garbage-first heap   total 126976K, used 5409K [0x0000000085800000, 0x0000000100000000)
  region size 1024K, 5 young (5120K), 5 survivors (5120K)
 Metaspace       used 20556K, capacity 21114K, committed 21248K, reserved 1069056K
  class space    used 2240K, capacity 2477K, committed 2560K, reserved 1048576K
}

Deoptimization events (10 events):
Event: 1.346 Thread 0x000002476efc8000 Uncommon trap: reason=unstable_if action=reinterpret pc=0x000002475e942c48 method=java.lang.CharacterDataLatin1.digit(II)I @ 12 c2
Event: 1.865 Thread 0x000002476efc8000 Uncommon trap: reason=unstable_if action=reinterpret pc=0x000002475e9428c4 method=java.lang.CharacterDataLatin1.digit(II)I @ 12 c2
Event: 1.942 Thread 0x000002474e94f800 Uncommon trap: reason=unstable_if action=reinterpret pc=0x000002475e938d24 method=jdk.internal.org.objectweb.asm.Type.getArgumentsAndReturnSizes(Ljava/lang/String;)I @ 41 c2
Event: 2.055 Thread 0x000002474e94f800 Uncommon trap: reason=unstable_if action=reinterpret pc=0x000002475e9631b8 method=java.util.regex.Pattern$BmpCharProperty.match(Ljava/util/regex/Matcher;ILjava/lang/CharSequence;)Z @ 5 c2
Event: 2.104 Thread 0x000002474e94f800 Uncommon trap: reason=unstable_if action=reinterpret pc=0x000002475e8e25f8 method=java.lang.String.isLatin1()Z @ 10 c2
Event: 3.218 Thread 0x000002474e94f800 Uncommon trap: reason=class_check action=maybe_recompile pc=0x000002475e96f608 method=org.openqa.selenium.json.Input.init()V @ 18 c2
Event: 3.218 Thread 0x000002474e94f800 Uncommon trap: reason=class_check action=maybe_recompile pc=0x000002475e96f608 method=org.openqa.selenium.json.Input.init()V @ 18 c2
Event: 3.218 Thread 0x000002474e94f800 Uncommon trap: reason=class_check action=maybe_recompile pc=0x000002475e96f608 method=org.openqa.selenium.json.Input.init()V @ 18 c2
Event: 3.218 Thread 0x000002474e94f800 Uncommon trap: reason=class_check action=maybe_recompile pc=0x000002475e96f608 method=org.openqa.selenium.json.Input.init()V @ 18 c2
Event: 3.232 Thread 0x000002474e94f800 Uncommon trap: reason=unstable_if action=reinterpret pc=0x000002475e951914 method=java.util.concurrent.ConcurrentHashMap.putVal(Ljava/lang/Object;Ljava/lang/Object;Z)Ljava/lang/Object; @ 256 c2

Classes redefined (0 events):
No events

Internal exceptions (10 events):
Event: 1.906 Thread 0x000002474e94f800 Exception <a 'java/lang/NoSuchMethodError'{0x000000008c910fa0}: java.lang.invoke.DirectMethodHandle$Holder.invokeInterface(Ljava/lang/Object;Ljava/lang/Object;Ljava/lang/Object;)Ljava/lang/Object;> (0x000000008c910fa0) thrown at [./open/src/hotspot/share/
Event: 1.906 Thread 0x000002474e94f800 Exception <a 'java/lang/IncompatibleClassChangeError'{0x000000008c914158}: Found class java.lang.Object, but interface was expected> (0x000000008c914158) thrown at [./open/src/hotspot/share/interpreter/linkResolver.cpp, line 838]
Event: 1.908 Thread 0x000002474e94f800 Exception <a 'java/lang/NoSuchMethodError'{0x000000008c91c508}: java.lang.invoke.DirectMethodHandle$Holder.invokeSpecialIFC(Ljava/lang/Object;Ljava/lang/Object;Ljava/lang/Object;Ljava/lang/Object;)I> (0x000000008c91c508) thrown at [./open/src/hotspot/shar
Event: 1.910 Thread 0x000002474e94f800 Exception <a 'java/lang/NoSuchMethodError'{0x000000008c924830}: java.lang.invoke.DirectMethodHandle$Holder.invokeInterface(Ljava/lang/Object;Ljava/lang/Object;Ljava/lang/Object;Ljava/lang/Object;)Ljava/lang/Object;> (0x000000008c924830) thrown at [./open/
Event: 1.915 Thread 0x000002474e94f800 Exception <a 'java/lang/NoSuchMethodError'{0x000000008c949b90}: java.lang.invoke.DirectMethodHandle$Holder.invokeVirtual(Ljava/lang/Object;Ljava/lang/Object;Ljava/lang/Object;)Ljava/lang/Object;> (0x000000008c949b90) thrown at [./open/src/hotspot/share/in
Event: 1.942 Thread 0x000002474e94f800 Exception <a 'java/lang/NoSuchMethodError'{0x000000008c82d690}: java.lang.invoke.DirectMethodHandle$Holder.invokeVirtual(Ljava/lang/Object;Ljava/lang/Object;)D> (0x000000008c82d690) thrown at [./open/src/hotspot/share/interpreter/linkResolver.cpp, line 77
Event: 1.942 Thread 0x000002474e94f800 Exception <a 'java/lang/NoSuchMethodError'{0x000000008c833420}: java.lang.invoke.DirectMethodHandle$Holder.invokeVirtual(Ljava/lang/Object;Ljava/lang/Object;)F> (0x000000008c833420) thrown at [./open/src/hotspot/share/interpreter/linkResolver.cpp, line 77
Event: 1.943 Thread 0x000002474e94f800 Exception <a 'java/lang/NoSuchMethodError'{0x000000008c83b898}: java.lang.invoke.DirectMethodHandle$Holder.invokeVirtual(Ljava/lang/Object;Ljava/lang/Object;)J> (0x000000008c83b898) thrown at [./open/src/hotspot/share/interpreter/linkResolver.cpp, line 77
Event: 1.976 Thread 0x000002474e94f800 Exception <a 'java/lang/NoSuchMethodError'{0x000000008c790b80}: java.lang.invoke.DirectMethodHandle$Holder.invokeSpecial(Ljava/lang/Object;Ljava/lang/Object;Ljava/lang/Object;Ljava/lang/Object;Ljava/lang/Object;)V> (0x000000008c790b80) thrown at [./open/s
Event: 3.222 Thread 0x000002474e94f800 Exception <a 'java/lang/NoSuchMethodError'{0x000000008cc065a8}: java.lang.invoke.DirectMethodHandle$Holder.invokeSpecialIFC(Ljava/lang/Object;Ljava/lang/Object;Ljava/lang/Object;)Ljava/lang/Object;> (0x000000008cc065a8) thrown at [./open/src/hotspot/share

Events (10 events):
Event: 3.241 loading class java/time/zone/ZoneOffsetTransition done
Event: 3.241 loading class java/time/LocalDate
Event: 3.241 loading class java/time/chrono/ChronoLocalDate
Event: 3.241 loading class java/time/chrono/ChronoLocalDate done
Event: 3.241 loading class java/time/LocalDate done
Event: 3.242 loading class java/time/ZonedDateTime
Event: 3.243 loading class java/time/chrono/ChronoZonedDateTime
Event: 3.243 loading class java/time/chrono/ChronoZonedDateTime done
Event: 3.243 loading class java/time/ZonedDateTime done
Event: 3.243 loading class java/time/temporal/TemporalAdjusters


Dynamic libraries:
0x00007ff7f1140000 - 0x00007ff7f114f000 	C:\Program Files\Java\jdk-11.0.12\bin\javaw.exe
0x00007ffdf2d20000 - 0x00007ffdf2f27000 	C:\WINDOWS\SYSTEM32\ntdll.dll
0x00007ffdf2280000 - 0x00007ffdf233d000 	C:\WINDOWS\System32\KERNEL32.DLL
0x00007ffdf0640000 - 0x00007ffdf09b4000 	C:\WINDOWS\System32\KERNELBASE.dll
0x00007ffdf0520000 - 0x00007ffdf0631000 	C:\WINDOWS\System32\ucrtbase.dll
0x00007ffdeb1f0000 - 0x00007ffdeb208000 	C:\Program Files\Java\jdk-11.0.12\bin\jli.dll
0x00007ffdf2440000 - 0x00007ffdf24ec000 	C:\WINDOWS\System32\ADVAPI32.dll
0x00007ffde6cd0000 - 0x00007ffde6ce5000 	C:\Program Files\Java\jdk-11.0.12\bin\VCRUNTIME140.dll
0x00007ffdf21d0000 - 0x00007ffdf2273000 	C:\WINDOWS\System32\msvcrt.dll
0x00007ffdf2760000 - 0x00007ffdf27fd000 	C:\WINDOWS\System32\sechost.dll
0x00007ffdf29d0000 - 0x00007ffdf2af1000 	C:\WINDOWS\System32\RPCRT4.dll
0x00007ffdf1d10000 - 0x00007ffdf1ebc000 	C:\WINDOWS\System32\USER32.dll
0x00007ffdf09c0000 - 0x00007ffdf09e6000 	C:\WINDOWS\System32\win32u.dll
0x00007ffdef3f0000 - 0x00007ffdef695000 	C:\WINDOWS\WinSxS\amd64_microsoft.windows.common-controls_6595b64144ccf1df_6.0.22000.120_none_9d947278b86cc467\COMCTL32.dll
0x00007ffdf2080000 - 0x00007ffdf20a9000 	C:\WINDOWS\System32\GDI32.dll
0x00007ffdf09f0000 - 0x00007ffdf0b02000 	C:\WINDOWS\System32\gdi32full.dll
0x00007ffdf0b10000 - 0x00007ffdf0bad000 	C:\WINDOWS\System32\msvcp_win.dll
0x00007ffde5d60000 - 0x00007ffde5d6a000 	C:\WINDOWS\SYSTEM32\VERSION.dll
0x00007ffdf2190000 - 0x00007ffdf21c1000 	C:\WINDOWS\System32\IMM32.DLL
0x00007ffdcf510000 - 0x00007ffdcf5ab000 	C:\Program Files\Java\jdk-11.0.12\bin\msvcp140.dll
0x00007ffd7b600000 - 0x00007ffd7c0ff000 	C:\Program Files\Java\jdk-11.0.12\bin\server\jvm.dll
0x00007ffdf1510000 - 0x00007ffdf1518000 	C:\WINDOWS\System32\PSAPI.DLL
0x00007ffde6650000 - 0x00007ffde6683000 	C:\WINDOWS\SYSTEM32\WINMM.dll
0x00007ffdec190000 - 0x00007ffdec199000 	C:\WINDOWS\SYSTEM32\WSOCK32.dll
0x00007ffdf23c0000 - 0x00007ffdf242f000 	C:\WINDOWS\System32\WS2_32.dll
0x00007ffdef020000 - 0x00007ffdef038000 	C:\WINDOWS\SYSTEM32\kernel.appcore.dll
0x00007ffdeba50000 - 0x00007ffdeba60000 	C:\Program Files\Java\jdk-11.0.12\bin\verify.dll
0x00007ffdefb50000 - 0x00007ffdefd71000 	C:\WINDOWS\SYSTEM32\DBGHELP.DLL
0x00007ffdef8a0000 - 0x00007ffdef8d1000 	C:\WINDOWS\SYSTEM32\dbgcore.DLL
0x00007ffdf0370000 - 0x00007ffdf03f0000 	C:\WINDOWS\System32\bcryptPrimitives.dll
0x00007ffddbc30000 - 0x00007ffddbc58000 	C:\Program Files\Java\jdk-11.0.12\bin\java.dll
0x00007ffdeba00000 - 0x00007ffdeba0a000 	C:\Program Files\Java\jdk-11.0.12\bin\jimage.dll
0x00007ffde5e10000 - 0x00007ffde5e26000 	C:\Program Files\Java\jdk-11.0.12\bin\zip.dll
0x00007ffdf0d60000 - 0x00007ffdf1509000 	C:\WINDOWS\System32\SHELL32.dll
0x00007ffdedcf0000 - 0x00007ffdee552000 	C:\WINDOWS\SYSTEM32\windows.storage.dll
0x00007ffdf1990000 - 0x00007ffdf1d08000 	C:\WINDOWS\System32\combase.dll
0x00007ffdedb80000 - 0x00007ffdedce6000 	C:\WINDOWS\SYSTEM32\wintypes.dll
0x00007ffdf24f0000 - 0x00007ffdf25da000 	C:\WINDOWS\System32\SHCORE.dll
0x00007ffdf25f0000 - 0x00007ffdf264d000 	C:\WINDOWS\System32\shlwapi.dll
0x00007ffdf0130000 - 0x00007ffdf0151000 	C:\WINDOWS\SYSTEM32\profapi.dll
0x00007ffde6620000 - 0x00007ffde6639000 	C:\Program Files\Java\jdk-11.0.12\bin\net.dll
0x00007ffdeaac0000 - 0x00007ffdeabcc000 	C:\WINDOWS\SYSTEM32\WINHTTP.dll
0x00007ffdeefa0000 - 0x00007ffdef007000 	C:\WINDOWS\system32\mswsock.dll
0x00007ffde1d30000 - 0x00007ffde1d42000 	C:\Program Files\Java\jdk-11.0.12\bin\nio.dll
0x00007ffdee8a0000 - 0x00007ffdee987000 	C:\WINDOWS\SYSTEM32\DNSAPI.dll
0x00007ffdee830000 - 0x00007ffdee85d000 	C:\WINDOWS\SYSTEM32\IPHLPAPI.DLL
0x00007ffdf2430000 - 0x00007ffdf2439000 	C:\WINDOWS\System32\NSI.dll
0x00007ffde56d0000 - 0x00007ffde56da000 	C:\Windows\System32\rasadhlp.dll
0x00007ffde5ff0000 - 0x00007ffde6071000 	C:\WINDOWS\System32\fwpuclnt.dll
0x00007ffdefeb0000 - 0x00007ffdefec8000 	C:\WINDOWS\SYSTEM32\CRYPTSP.dll
0x00007ffdeec30000 - 0x00007ffdeec65000 	C:\WINDOWS\system32\rsaenh.dll
0x00007ffdef0b0000 - 0x00007ffdef0d9000 	C:\WINDOWS\SYSTEM32\USERENV.dll
0x00007ffdefae0000 - 0x00007ffdefb07000 	C:\WINDOWS\SYSTEM32\bcrypt.dll
0x00007ffdef2a0000 - 0x00007ffdef2ac000 	C:\WINDOWS\SYSTEM32\CRYPTBASE.dll
0x00007ffde72d0000 - 0x00007ffde72e9000 	C:\WINDOWS\SYSTEM32\dhcpcsvc6.DLL
0x00007ffdeadd0000 - 0x00007ffdeadee000 	C:\WINDOWS\SYSTEM32\dhcpcsvc.DLL
0x00007ffde6d00000 - 0x00007ffde6d0d000 	C:\Program Files\Java\jdk-11.0.12\bin\sunmscapi.dll
0x00007ffdf0200000 - 0x00007ffdf0362000 	C:\WINDOWS\System32\CRYPT32.dll
0x00007ffdef720000 - 0x00007ffdef748000 	C:\WINDOWS\SYSTEM32\ncrypt.dll
0x00007ffdef6e0000 - 0x00007ffdef717000 	C:\WINDOWS\SYSTEM32\NTASN1.dll
0x00007ffddbf60000 - 0x00007ffddbf85000 	C:\Program Files\Java\jdk-11.0.12\bin\sunec.dll

dbghelp: loaded successfully - version: 4.0.5 - missing functions: none
symbol engine: initialized successfully - sym options: 0x614 - pdb path: .;C:\Program Files\Java\jdk-11.0.12\bin;C:\WINDOWS\SYSTEM32;C:\WINDOWS\WinSxS\amd64_microsoft.windows.common-controls_6595b64144ccf1df_6.0.22000.120_none_9d947278b86cc467;C:\Program Files\Java\jdk-11.0.12\bin\server

VM Arguments:
jvm_args: -ea -Dfile.encoding=Cp1252 
java_command: org.testng.remote.RemoteTestNG -serport 54281 -protocol json -d C:\Users\15408\git\repository\SeleniumTraining\test-output C:\Users\15408\git\repository\SeleniumTraining\Adhoc.xml
java_class_path (initial): C:\Users\15408\eclipse\java-2021-09\eclipse\configuration\org.eclipse.osgi\440\0\.cp\lib\testng-remote.jar;C:\Users\15408\git\repository\SeleniumTraining\target\test-classes;C:\Users\15408\git\repository\SeleniumTraining\target\classes;C:\Users\15408\.m2\repository\junit\junit\4.11\junit-4.11.jar;C:\Users\15408\.m2\repository\org\hamcrest\hamcrest-core\1.3\hamcrest-core-1.3.jar;C:\Users\15408\.m2\repository\org\seleniumhq\selenium\selenium-java\3.141.59\selenium-java-3.141.59.jar;C:\Users\15408\.m2\repository\org\seleniumhq\selenium\selenium-api\3.141.59\selenium-api-3.141.59.jar;C:\Users\15408\.m2\repository\org\seleniumhq\selenium\selenium-chrome-driver\3.141.59\selenium-chrome-driver-3.141.59.jar;C:\Users\15408\.m2\repository\org\seleniumhq\selenium\selenium-edge-driver\3.141.59\selenium-edge-driver-3.141.59.jar;C:\Users\15408\.m2\repository\org\seleniumhq\selenium\selenium-firefox-driver\3.141.59\selenium-firefox-driver-3.141.59.jar;C:\Users\15408\.m2\repository\org\seleniumhq\selenium\selenium-ie-driver\3.141.59\selenium-ie-driver-3.141.59.jar;C:\Users\15408\.m2\repository\org\seleniumhq\selenium\selenium-opera-driver\3.141.59\selenium-opera-driver-3.141.59.jar;C:\Users\15408\.m2\repository\org\seleniumhq\selenium\selenium-remote-driver\3.141.59\selenium-remote-driver-3.141.59.jar;C:\Users\15408\.m2\repository\org\seleniumhq\selenium\selenium-safari-driver\3.141.59\selenium-safari-driver-3.141.59.jar;C:\Users\15408\.m2\repository\org\seleniumhq\selenium\selenium-support\3.141.59\selenium-support-3.141.59.jar;C:\Users\15408\.m2\repository\net\bytebuddy\byte-buddy\1.8.15\byte-buddy-1.8.15.jar;C:\Users\15408\.m2\repository\org\apache\commons\commons-exec\1.3\commons-exec-1.3.jar;C:\Users\15408\.m2\repository\com\google\guava\guava\25.0-jre\guava-25.0-jre.jar;C:\Users\15408\.m2\repository\com\google\code\findbugs\jsr305\1.3.9\jsr305-1.3.9.jar;C:\Users\15408\.m2\repository\org\checkerframework\checker-compat-qual\2.0.0\checker-compat-qua
Launcher Type: SUN_STANDARD

[Global flags]
     intx CICompilerCount                          = 4                                         {product} {ergonomic}
     uint ConcGCThreads                            = 2                                         {product} {ergonomic}
     uint G1ConcRefinementThreads                  = 8                                         {product} {ergonomic}
   size_t G1HeapRegionSize                         = 1048576                                   {product} {ergonomic}
    uintx GCDrainStackTargetSize                   = 64                                        {product} {ergonomic}
   size_t InitialHeapSize                          = 130023424                                 {product} {ergonomic}
   size_t MarkStackSize                            = 4194304                                   {product} {ergonomic}
   size_t MaxHeapSize                              = 2055208960                                {product} {ergonomic}
   size_t MaxNewSize                               = 1233125376                                {product} {ergonomic}
   size_t MinHeapDeltaBytes                        = 1048576                                   {product} {ergonomic}
    uintx NonNMethodCodeHeapSize                   = 5836300                                {pd product} {ergonomic}
    uintx NonProfiledCodeHeapSize                  = 122910970                              {pd product} {ergonomic}
    uintx ProfiledCodeHeapSize                     = 122910970                              {pd product} {ergonomic}
    uintx ReservedCodeCacheSize                    = 251658240                              {pd product} {ergonomic}
     bool SegmentedCodeCache                       = true                                      {product} {ergonomic}
     bool UseCompressedClassPointers               = true                                 {lp64_product} {ergonomic}
     bool UseCompressedOops                        = true                                 {lp64_product} {ergonomic}
     bool UseG1GC                                  = true                                      {product} {ergonomic}
     bool UseLargePagesIndividualAllocation        = false                                  {pd product} {ergonomic}

Logging:
Log output configuration:
 #0: stdout all=warning uptime,level,tags
 #1: stderr all=off uptime,level,tags

Environment Variables:
PATH=C:/Program Files/Java/jdk-11.0.12/bin/server;C:/Program Files/Java/jdk-11.0.12/bin;C:\Program Files\Common Files\Oracle\Java\javapath;C:\WINDOWS\system32;C:\WINDOWS;C:\WINDOWS\System32\Wbem;C:\WINDOWS\System32\WindowsPowerShell\v1.0\;C:\WINDOWS\System32\OpenSSH\;C:\Users\15408\AppData\Local\Microsoft\WindowsApps;;C:\Users\15408\Desktop;
USERNAME=15408
OS=Windows_NT
PROCESSOR_IDENTIFIER=Intel64 Family 6 Model 140 Stepping 1, GenuineIntel



---------------  S Y S T E M  ---------------

OS: Windows 10 , 64 bit Build 22000 (10.0.22000.120)

CPU:total 8 (initial active 8) (4 cores per cpu, 2 threads per core) family 6 model 140 stepping 1 microcode 0x8a, cmov, cx8, fxsr, mmx, sse, sse2, sse3, ssse3, sse4.1, sse4.2, popcnt, avx, avx2, aes, clmul, erms, 3dnowpref, lzcnt, ht, tsc, tscinvbit, bmi1, bmi2, adx, evex, sha, fma

Memory: 4k page, system-wide physical 7834M (427M free)
TotalPageFile size 31386M (AvailPageFile size 17M)
current process WorkingSet (physical memory assigned to process): 99M, peak: 99M
current process commit charge ("private bytes"): 234M, peak: 234M

vm_info: Java HotSpot(TM) 64-Bit Server VM (11.0.12+8-LTS-237) for windows-amd64 JRE (11.0.12+8-LTS-237), built on Jun  8 2021 11:25:59 by "mach5one" with MS VC++ 15.9 (VS2017)

END.
